<?xml version="1.0" encoding="UTF-8"?>
<testsuite name="com.bazlur.eshoppers.service.ProductServiceImplTest" tests="1" skipped="0" failures="0" errors="0" timestamp="2023-10-02T09:54:24" hostname="dummy" time="0.391">
  <properties/>
  <testcase name="testFindAllProductSortedByName" classname="com.bazlur.eshoppers.service.ProductServiceImplTest" time="0.391"/>
  <system-out><![CDATA[]]></system-out>
  <system-err><![CDATA[]]></system-err>
</testsuite>
